<?xml version="1.0" encoding="UTF-8"?>
<testsuite xmlns:xsi="http://www.w3.org/2001/XMLSchema-instance" xsi:noNamespaceSchemaLocation="https://maven.apache.org/surefire/maven-surefire-plugin/xsd/surefire-test-report-3.0.xsd" version="3.0" name="com.model.FinanceModelTest" time="0.457" tests="1" errors="0" skipped="0" failures="0">
  <properties>
    <property name="java.specification.version" value="17"/>
    <property name="sun.cpu.isalist" value="amd64"/>
    <property name="sun.jnu.encoding" value="Cp1252"/>
    <property name="java.class.path" value="e:\Programming\Java\JFin\jfin\target\test-classes;e:\Programming\Java\JFin\jfin\target\classes;C:\Users\mdost\.m2\repository\org\junit\jupiter\junit-jupiter-api\5.9.3\junit-jupiter-api-5.9.3.jar;C:\Users\mdost\.m2\repository\org\opentest4j\opentest4j\1.2.0\opentest4j-1.2.0.jar;C:\Users\mdost\.m2\repository\org\junit\platform\junit-platform-commons\1.9.3\junit-platform-commons-1.9.3.jar;C:\Users\mdost\.m2\repository\org\apiguardian\apiguardian-api\1.1.2\apiguardian-api-1.1.2.jar;C:\Users\mdost\.m2\repository\org\junit\jupiter\junit-jupiter-engine\5.9.3\junit-jupiter-engine-5.9.3.jar;C:\Users\mdost\.m2\repository\org\junit\platform\junit-platform-engine\1.9.3\junit-platform-engine-1.9.3.jar;C:\Users\mdost\.m2\repository\com\mysql\mysql-connector-j\8.0.33\mysql-connector-j-8.0.33.jar;C:\Users\mdost\.m2\repository\com\google\protobuf\protobuf-java\3.21.9\protobuf-java-3.21.9.jar;C:\Users\mdost\.m2\repository\com\google\appengine\appengine-api-1.0-sdk\1.9.76\appengine-api-1.0-sdk-1.9.76.jar;C:\Users\mdost\.m2\repository\org\knowm\xchart\xchart\3.8.4\xchart-3.8.4.jar;C:\Users\mdost\.m2\repository\de\erichseifert\vectorgraphics2d\VectorGraphics2D\0.13\VectorGraphics2D-0.13.jar;C:\Users\mdost\.m2\repository\de\rototor\pdfbox\graphics2d\0.43\graphics2d-0.43.jar;C:\Users\mdost\.m2\repository\org\apache\pdfbox\pdfbox\2.0.28\pdfbox-2.0.28.jar;C:\Users\mdost\.m2\repository\org\apache\pdfbox\fontbox\2.0.28\fontbox-2.0.28.jar;C:\Users\mdost\.m2\repository\commons-logging\commons-logging\1.2\commons-logging-1.2.jar;C:\Users\mdost\.m2\repository\com\madgag\animated-gif-lib\1.4\animated-gif-lib-1.4.jar;"/>
    <property name="sun.awt.enableExtraMouseButtons" value="true"/>
    <property name="java.vm.vendor" value="Eclipse Adoptium"/>
    <property name="sun.arch.data.model" value="64"/>
    <property name="user.variant" value=""/>
    <property name="java.vendor.url" value="https://adoptium.net/"/>
    <property name="user.timezone" value="Europe/Prague"/>
    <property name="os.name" value="Windows 10"/>
    <property name="java.vm.specification.version" value="17"/>
    <property name="sun.java.launcher" value="SUN_STANDARD"/>
    <property name="user.country" value="US"/>
    <property name="sun.boot.library.path" value="C:\Program Files\Eclipse Adoptium\jdk-17.0.7.7-hotspot\bin"/>
    <property name="sun.java.command" value="C:\Users\mdost\AppData\Local\Temp\surefire17474043501171088430\surefirebooter17252158868576903469.jar C:\Users\mdost\AppData\Local\Temp\surefire17474043501171088430 2023-07-04T20-33-20_414-jvmRun1 surefire7488371167895774014tmp surefire_015951253331920732070tmp"/>
    <property name="jdk.debug" value="release"/>
    <property name="surefire.test.class.path" value="e:\Programming\Java\JFin\jfin\target\test-classes;e:\Programming\Java\JFin\jfin\target\classes;C:\Users\mdost\.m2\repository\org\junit\jupiter\junit-jupiter-api\5.9.3\junit-jupiter-api-5.9.3.jar;C:\Users\mdost\.m2\repository\org\opentest4j\opentest4j\1.2.0\opentest4j-1.2.0.jar;C:\Users\mdost\.m2\repository\org\junit\platform\junit-platform-commons\1.9.3\junit-platform-commons-1.9.3.jar;C:\Users\mdost\.m2\repository\org\apiguardian\apiguardian-api\1.1.2\apiguardian-api-1.1.2.jar;C:\Users\mdost\.m2\repository\org\junit\jupiter\junit-jupiter-engine\5.9.3\junit-jupiter-engine-5.9.3.jar;C:\Users\mdost\.m2\repository\org\junit\platform\junit-platform-engine\1.9.3\junit-platform-engine-1.9.3.jar;C:\Users\mdost\.m2\repository\com\mysql\mysql-connector-j\8.0.33\mysql-connector-j-8.0.33.jar;C:\Users\mdost\.m2\repository\com\google\protobuf\protobuf-java\3.21.9\protobuf-java-3.21.9.jar;C:\Users\mdost\.m2\repository\com\google\appengine\appengine-api-1.0-sdk\1.9.76\appengine-api-1.0-sdk-1.9.76.jar;C:\Users\mdost\.m2\repository\org\knowm\xchart\xchart\3.8.4\xchart-3.8.4.jar;C:\Users\mdost\.m2\repository\de\erichseifert\vectorgraphics2d\VectorGraphics2D\0.13\VectorGraphics2D-0.13.jar;C:\Users\mdost\.m2\repository\de\rototor\pdfbox\graphics2d\0.43\graphics2d-0.43.jar;C:\Users\mdost\.m2\repository\org\apache\pdfbox\pdfbox\2.0.28\pdfbox-2.0.28.jar;C:\Users\mdost\.m2\repository\org\apache\pdfbox\fontbox\2.0.28\fontbox-2.0.28.jar;C:\Users\mdost\.m2\repository\commons-logging\commons-logging\1.2\commons-logging-1.2.jar;C:\Users\mdost\.m2\repository\com\madgag\animated-gif-lib\1.4\animated-gif-lib-1.4.jar;"/>
    <property name="sun.cpu.endian" value="little"/>
    <property name="user.home" value="C:\Users\mdost"/>
    <property name="user.language" value="en"/>
    <property name="java.specification.vendor" value="Oracle Corporation"/>
    <property name="java.version.date" value="2023-04-18"/>
    <property name="java.home" value="C:\Program Files\Eclipse Adoptium\jdk-17.0.7.7-hotspot"/>
    <property name="file.separator" value="\"/>
    <property name="basedir" value="e:\Programming\Java\JFin\jfin"/>
    <property name="java.vm.compressedOopsMode" value="Zero based"/>
    <property name="line.separator" value="&#10;"/>
    <property name="java.vm.specification.vendor" value="Oracle Corporation"/>
    <property name="java.specification.name" value="Java Platform API Specification"/>
    <property name="surefire.real.class.path" value="C:\Users\mdost\AppData\Local\Temp\surefire17474043501171088430\surefirebooter17252158868576903469.jar"/>
    <property name="user.script" value=""/>
    <property name="sun.management.compiler" value="HotSpot 64-Bit Tiered Compilers"/>
    <property name="java.runtime.version" value="17.0.7+7"/>
    <property name="user.name" value="mdost"/>
    <property name="path.separator" value=";"/>
    <property name="os.version" value="10.0"/>
    <property name="java.runtime.name" value="OpenJDK Runtime Environment"/>
    <property name="file.encoding" value="Cp1252"/>
    <property name="java.vm.name" value="OpenJDK 64-Bit Server VM"/>
    <property name="java.vendor.version" value="Temurin-17.0.7+7"/>
    <property name="localRepository" value="C:\Users\mdost\.m2\repository"/>
    <property name="java.vendor.url.bug" value="https://github.com/adoptium/adoptium-support/issues"/>
    <property name="java.io.tmpdir" value="C:\Users\mdost\AppData\Local\Temp\"/>
    <property name="java.version" value="17.0.7"/>
    <property name="user.dir" value="e:\Programming\Java\JFin\jfin"/>
    <property name="os.arch" value="amd64"/>
    <property name="java.vm.specification.name" value="Java Virtual Machine Specification"/>
    <property name="sun.os.patch.level" value=""/>
    <property name="native.encoding" value="Cp1252"/>
    <property name="java.library.path" value="C:\Program Files\Eclipse Adoptium\jdk-17.0.7.7-hotspot\bin;C:\Windows\Sun\Java\bin;C:\Windows\system32;C:\Windows;C:\Program Files\Eclipse Adoptium\jdk-17.0.7.7-hotspot\bin;C:\Windows\system32;C:\Windows;C:\Windows\System32\Wbem;C:\Windows\System32\WindowsPowerShell\v1.0\;C:\Windows\System32\OpenSSH\;C:\Program Files (x86)\NVIDIA Corporation\PhysX\Common;C:\Program Files\NVIDIA Corporation\NVIDIA NvDLISR;C:\Program Files\Git\cmd;C:\Program Files (x86)\Windows Kits\10\Windows Performance Toolkit\;C:\Program Files (x86)\Windows Kits\10\Microsoft Application Virtualization\Sequencer\;E:\Programming\CMake\bin;C:\Program Files\Docker\Docker\resources\bin;C:\ProgramData\DockerDesktop\version-bin;C:\Program Files\dotnet\;C:\Program Files (x86)\wxWidgets\include;C:\ProgramData\chocolatey\bin;C:\Program Files\Graphviz\bin;C:\Program Files\Cppcheck;C:\Program Files (x86)\STMicroelectronics\STM32 ST-LINK Utility\ST-LINK Utility;C:\Program Files\MySQL\MySQL Server 8.0\bin;C:\Program Files\MySQL\MySQL Shell 8.0\bin\;C:\Python\Python310\Scripts\;C:\Python\Python310\;C:\Users\mdost\AppData\Local\Microsoft\WindowsApps;C:\Microsoft VS Code\bin;C:\msys64\mingw64\bin;E:\Programming\wxWidgets-3.2.1\include;E:\Programming\wxWidgets-3.2.1\src;C:\Program Files\Graphviz\bin;D:\Qt\6.4.1\mingw_64\lib;D:\Qt\6.4.1\mingw_64\bin;D:\Qt\6.4.1\mingw_64\include;;."/>
    <property name="java.vm.info" value="mixed mode, sharing"/>
    <property name="java.vendor" value="Eclipse Adoptium"/>
    <property name="java.vm.version" value="17.0.7+7"/>
    <property name="sun.io.unicode.encoding" value="UnicodeLittle"/>
    <property name="java.class.version" value="61.0"/>
  </properties>
  <testcase name="modelTest" classname="com.model.FinanceModelTest" time="0.456">
    <system-out><![CDATA[Connecting to database with: root, PW: ._#IcUi4Cu#_.
Connecting to database with: root, PW: ._#IcUi4Cu#_.
Month: JanuaryMonth: January, Type: Grocery, Type: Grocery, Value: 15.66, Value: 15.66, Currency: EUR
, Currency: EUR
Month: JanuaryMonth: January, Type: Fun, Type: Fun, Value: 88.14, Value: 88.14, Currency: EUR
, Currency: EUR
Month: JanuaryMonth: January, Type: Food, Type: Food, Value: 65.22, Value: 65.22, Currency: EUR
Month: January, Currency: EUR
, Type: FuelMonth: January, Value: 66.6, Type: Fuel, Currency: EUR
, Value: 66.6Month: February, Type: Grocery, Currency: EUR
Month: February, Value: 167.22, Type: Grocery, Currency: EUR
Month: February, Value: 167.22, Type: Fuel, Currency: EUR
, Value: 72.24Month: February, Type: Fuel, Currency: EUR
Month: January, Type: Fuel, Value: 58.55, Value: 72.24, Currency: EUR
Month: June, Currency: EUR
, Type: Fuel, Value: 66.85, Currency: EUR
Month: JanuaryMonth: June, Type: Fuel, Type: Fuel, Value: 1250.0, Value: 58.55, Currency: CZK
Month: July, Currency: EUR
, Type: FoodMonth: June, Value: 1200.0, Type: Fuel, Currency: CZK
Month: March, Value: 66.85, Type: Food, Currency: EUR
, Value: 88.23, Currency: EUR
Month: June, Type: FuelMonth: March, Type: Food, Value: 1250.0, Value: 655.0, Currency: CZK
, Currency: CZK
Month: JulyMonth: June, Type: Food, Type: Fun, Value: 1200.0, Value: 480.5, Currency: CZK
, Currency: CZK
Month: MarchMonth: July, Type: Food, Type: Grocery, Value: 88.23, Value: 120.22, Currency: EUR
, Currency: EUR
Month: MarchMonth: January, Type: Food, Type: Income, Value: 655.0, Value: 2650.0, Currency: CZK
, Currency: EUR
Month: JuneMonth: January, Type: Fun, Type: Income, Value: 480.5, Value: 2650.0, Currency: CZK
, Currency: EUR
Month: JulyMonth: January, Type: Grocery, Type: Income, Value: 120.22, Value: 2650.0, Currency: EUR
, Currency: EUR
Month: January, Type: IncomeMonth: January, Type: Income, Value: 2650.0, Value: 2650.0, Currency: EUR
, Currency: EUR
Month: JanuaryMonth: January, Type: Income, Type: Income, Value: 2650.0, Value: 2650.0, Currency: EUR
, Currency: EUR
Month: FebruaryMonth: January, Type: Income, Type: Income, Value: 2650.0, Value: 2650.0, Currency: EUR
, Currency: EUR
Month: FebruaryMonth: January, Type: Income, Type: Income, Value: 2650.0, Value: 2650.0, Currency: EUR
, Currency: EUR
Month: FebruaryMonth: January, Type: Income, Type: Income, Value: 2650.0, Currency: EUR
, Value: 2650.0Month: February, Currency: EUR
, Type: IncomeMonth: February, Value: 2650.0, Type: Income, Currency: EUR
Month: February, Value: 2650.0, Type: Income, Currency: EUR
Month: February, Value: 2650.0, Type: Income, Currency: EUR
Month: February, Value: 2650.0, Currency: EUR
Month: March, Type: Income, Type: Income, Value: 2650.0, Currency: EUR
, Value: 2650.0Month: March, Type: Income, Currency: EUR
, Value: 2650.0Month: February, Currency: EUR
, Type: Income, Value: 2650.0Month: March, Currency: EUR
, Type: IncomeMonth: February, Type: Income, Value: 2650.0, Value: 2650.0, Currency: EUR
, Currency: EUR
Month: MarchMonth: March, Type: Income, Type: Income, Value: 2650.0, Value: 2650.0, Currency: EUR
, Currency: EUR
Month: MarchMonth: March, Type: Income, Type: Income, Value: 2650.0, Value: 2650.0, Currency: EUR
, Currency: EUR
Month: MarchMonth: January, Type: Income, Type: Car, Value: 2650.0, Value: 1500.0, Currency: EUR
, Currency: EUR
Month: MarchMonth: January, Type: Income, Type: Car, Value: 2650.0, Value: 1500.0, Currency: EUR
, Currency: EUR
Month: JanuaryMonth: March, Type: Car, Type: Income, Value: 2650.0, Value: 156.4, Currency: EUR
, Currency: EUR
Month: JanuaryMonth: January, Type: Hobby, Type: Car, Value: 1500.0, Value: 1500.0, Currency: EUR
, Currency: CZK
Month: JanuaryMonth: January, Type: Car, Type: Grocery, Value: 1500.0, Value: 158.89, Currency: EUR
, Currency: EUR
Month: January, Type: CarMonth: June, Type: Car, Value: 156.4, Currency: EUR
, Value: 1450.0Month: January, Currency: EUR
, Type: HobbyMonth: April, Value: 1500.0, Type: Income, Currency: CZK
, Value: 12.25Month: January, Currency: EUR
, Type: Grocery, Value: 158.89Month: b, Currency: EUR
Month: June, Type: c, Type: Car, Value: 12.5, Value: 1450.0, Currency: d
, Currency: EUR
Month: April, Type: IncomeMonth: b, Value: 12.25, Currency: EUR
, Type: cMonth: b, Type: c, Value: 12.5, Value: 12.5, Currency: d
, Currency: d
Month: bMonth: b, Type: c, Type: c, Value: 12.5, Value: 12.5, Currency: d
, Currency: d
Month: b, Type: c, Value: 12.5, Currency: d
]]></system-out>
  </testcase>
</testsuite>